<?xml version="1.0" encoding="UTF-8"?>
<!-- Generated by org.testng.reporters.JUnitReportReporter -->
<testsuite skipped="0" hostname="Swadhin-PC" name="com.crm.qa.testcases.HomePageTest" tests="1" failures="0" timestamp="30 Jul 2019 23:58:15 GMT" time="68.416" errors="0">
  <testcase name="discoveryTestSenario" time="68.416" classname="com.crm.qa.testcases.HomePageTest"/>
</testsuite> <!-- com.crm.qa.testcases.HomePageTest -->
